# JRE version: Java(TM) SE Runtime Environment 18.9 (11.0.8+10) (build 11.0.8+10-LTS)
# Java VM: Java HotSpot(TM) 64-Bit Server VM 18.9 (11.0.8+10-LTS, mixed mode, tiered, compressed oops, g1 gc, windows-amd64)
Heap:
 garbage-first heap   total 260096K, used 54366K [0x0000000703600000, 0x0000000800000000)
  region size 1024K, 32 young (32768K), 11 survivors (11264K)
 Metaspace       used 59110K, capacity 61305K, committed 61520K, reserved 1101824K
  class space    used 7454K, capacity 8331K, committed 8352K, reserved 1048576K
GC Heap History (10 events):
Event: 2.327 GC heap before
{Heap before GC invocations=4 (full 0):
 garbage-first heap   total 260096K, used 93952K [0x0000000703600000, 0x0000000800000000)
  region size 1024K, 83 young (84992K), 3 survivors (3072K)
 Metaspace       used 26776K, capacity 27689K, committed 27900K, reserved 1073152K
  class space    used 3217K, capacity 3608K, committed 3660K, reserved 1048576K
}
Event: 2.331 GC heap after
{Heap after GC invocations=5 (full 0):
 garbage-first heap   total 260096K, used 15102K [0x0000000703600000, 0x0000000800000000)
  region size 1024K, 6 young (6144K), 6 survivors (6144K)
 Metaspace       used 26776K, capacity 27689K, committed 27900K, reserved 1073152K
  class space    used 3217K, capacity 3608K, committed 3660K, reserved 1048576K
}
Event: 3.037 GC heap before
{Heap before GC invocations=5 (full 0):
 garbage-first heap   total 260096K, used 122622K [0x0000000703600000, 0x0000000800000000)
  region size 1024K, 112 young (114688K), 6 survivors (6144K)
 Metaspace       used 34681K, capacity 35797K, committed 35964K, reserved 1081344K
  class space    used 4270K, capacity 4694K, committed 4812K, reserved 1048576K
}
Event: 3.043 GC heap after
{Heap after GC invocations=6 (full 0):
 garbage-first heap   total 260096K, used 18309K [0x0000000703600000, 0x0000000800000000)
  region size 1024K, 9 young (9216K), 9 survivors (9216K)
 Metaspace       used 34681K, capacity 35797K, committed 35964K, reserved 1081344K
  class space    used 4270K, capacity 4694K, committed 4812K, reserved 1048576K
}
Event: 4.134 GC heap before
{Heap before GC invocations=7 (full 0):
 garbage-first heap   total 260096K, used 164741K [0x0000000703600000, 0x0000000800000000)
  region size 1024K, 152 young (155648K), 9 survivors (9216K)
 Metaspace       used 46589K, capacity 48254K, committed 48508K, reserved 1091584K
  class space    used 5870K, capacity 6539K, committed 6604K, reserved 1048576K
}
Event: 4.146 GC heap after
{Heap after GC invocations=8 (full 0):
 garbage-first heap   total 260096K, used 24014K [0x0000000703600000, 0x0000000800000000)
  region size 1024K, 14 young (14336K), 14 survivors (14336K)
 Metaspace       used 46589K, capacity 48254K, committed 48508K, reserved 1091584K
  class space    used 5870K, capacity 6539K, committed 6604K, reserved 1048576K
}
Event: 5.125 GC heap before
{Heap before GC invocations=8 (full 0):
 garbage-first heap   total 260096K, used 165326K [0x0000000703600000, 0x0000000800000000)
  region size 1024K, 152 young (155648K), 14 survivors (14336K)
 Metaspace       used 51750K, capacity 53594K, committed 53756K, reserved 1095680K
  class space    used 6495K, capacity 7223K, committed 7244K, reserved 1048576K
}
Event: 5.140 GC heap after
{Heap after GC invocations=9 (full 0):
 garbage-first heap   total 260096K, used 30458K [0x0000000703600000, 0x0000000800000000)
  region size 1024K, 16 young (16384K), 16 survivors (16384K)
 Metaspace       used 51750K, capacity 53594K, committed 53756K, reserved 1095680K
  class space    used 6495K, capacity 7223K, committed 7244K, reserved 1048576K
}
Event: 5.878 GC heap before
{Heap before GC invocations=9 (full 0):
 garbage-first heap   total 260096K, used 87802K [0x0000000703600000, 0x0000000800000000)
  region size 1024K, 73 young (74752K), 16 survivors (16384K)
 Metaspace       used 58143K, capacity 60229K, committed 60368K, reserved 1101824K
  class space    used 7293K, capacity 8143K, committed 8224K, reserved 1048576K
}
Event: 5.889 GC heap after
{Heap after GC invocations=10 (full 0):
 garbage-first heap   total 260096K, used 33886K [0x0000000703600000, 0x0000000800000000)
  region size 1024K, 11 young (11264K), 11 survivors (11264K)
 Metaspace       used 58143K, capacity 60229K, committed 60368K, reserved 1101824K
  class space    used 7293K, capacity 8143K, committed 8224K, reserved 1048576K
}

